Release 14.7 - xst P.20131013 (nt64)
Copyright (c) 1995-2013 Xilinx, Inc.  All rights reserved.
--> Parameter TMPDIR set to xst/projnav.tmp


Total REAL time to Xst completion: 0.00 secs
Total CPU time to Xst completion: 0.15 secs
 
--> Parameter xsthdpdir set to xst


Total REAL time to Xst completion: 0.00 secs
Total CPU time to Xst completion: 0.15 secs
 
--> Reading design: fifo.prj

TABLE OF CONTENTS
  1) Synthesis Options Summary
  2) HDL Compilation
  3) Design Hierarchy Analysis
  4) HDL Analysis
  5) HDL Synthesis
     5.1) HDL Synthesis Report
  6) Advanced HDL Synthesis
     6.1) Advanced HDL Synthesis Report
  7) Low Level Synthesis
  8) Partition Report
  9) Final Report
	9.1) Device utilization summary
	9.2) Partition Resource Summary
	9.3) TIMING REPORT


=========================================================================
*                      Synthesis Options Summary                        *
=========================================================================
---- Source Parameters
Input File Name                    : "fifo.prj"
Input Format                       : mixed
Ignore Synthesis Constraint File   : NO

---- Target Parameters
Output File Name                   : "fifo"
Output Format                      : NGC
Target Device                      : xc3s100e-5-cp132

---- Source Options
Top Module Name                    : fifo
Automatic FSM Extraction           : YES
FSM Encoding Algorithm             : Auto
Safe Implementation                : No
FSM Style                          : LUT
RAM Extraction                     : Yes
RAM Style                          : Auto
ROM Extraction                     : Yes
Mux Style                          : Auto
Decoder Extraction                 : YES
Priority Encoder Extraction        : Yes
Shift Register Extraction          : YES
Logical Shifter Extraction         : YES
XOR Collapsing                     : YES
ROM Style                          : Auto
Mux Extraction                     : Yes
Resource Sharing                   : YES
Asynchronous To Synchronous        : NO
Multiplier Style                   : Auto
Automatic Register Balancing       : No

---- Target Options
Add IO Buffers                     : YES
Global Maximum Fanout              : 100000
Add Generic Clock Buffer(BUFG)     : 24
Register Duplication               : YES
Slice Packing                      : YES
Optimize Instantiated Primitives   : NO
Use Clock Enable                   : Yes
Use Synchronous Set                : Yes
Use Synchronous Reset              : Yes
Pack IO Registers into IOBs        : Auto
Equivalent register Removal        : YES

---- General Options
Optimization Goal                  : Speed
Optimization Effort                : 1
Keep Hierarchy                     : No
Netlist Hierarchy                  : As_Optimized
RTL Output                         : Yes
Global Optimization                : AllClockNets
Read Cores                         : YES
Write Timing Constraints           : NO
Cross Clock Analysis               : NO
Hierarchy Separator                : /
Bus Delimiter                      : <>
Case Specifier                     : Maintain
Slice Utilization Ratio            : 100
BRAM Utilization Ratio             : 100
Verilog 2001                       : YES
Auto BRAM Packing                  : NO
Slice Utilization Ratio Delta      : 5

=========================================================================


=========================================================================
*                          HDL Compilation                              *
=========================================================================
Compiling verilog file "fifo.v" in library work
Module <fifo> compiled
No errors in compilation
Analysis of file <"fifo.prj"> succeeded.
 

=========================================================================
*                     Design Hierarchy Analysis                         *
=========================================================================
Analyzing hierarchy for module <fifo> in library <work> with parameters.
	GRAY0 = "000"
	GRAY1 = "001"
	GRAY2 = "011"
	GRAY3 = "010"
	GRAY4 = "110"
	GRAY5 = "111"
	GRAY6 = "101"
	GRAY7 = "100"


=========================================================================
*                            HDL Analysis                               *
=========================================================================
Analyzing top module <fifo>.
	GRAY0 = 3'b000
	GRAY1 = 3'b001
	GRAY2 = 3'b011
	GRAY3 = 3'b010
	GRAY4 = 3'b110
	GRAY5 = 3'b111
	GRAY6 = 3'b101
	GRAY7 = 3'b100
Module <fifo> is correct for synthesis.
 

=========================================================================
*                           HDL Synthesis                               *
=========================================================================

Performing bidirectional port resolution...

Synthesizing Unit <fifo>.
    Related source file is "fifo.v".
    Found finite state machine <FSM_0> for signal <grayCnt>.
    -----------------------------------------------------------------------
    | States             | 8                                              |
    | Transitions        | 8                                              |
    | Inputs             | 0                                              |
    | Outputs            | 7                                              |
    | Clock              | clk                       (rising_edge)        |
    | Clock enable       | incr                      (positive)           |
    | Reset              | rstN                      (negative)           |
    | Reset type         | asynchronous                                   |
    | Reset State        | 000                                            |
    | Encoding           | automatic                                      |
    | Implementation     | LUT                                            |
    -----------------------------------------------------------------------
    Summary:
	inferred   1 Finite State Machine(s).
Unit <fifo> synthesized.


=========================================================================
HDL Synthesis Report

Found no macro
=========================================================================

=========================================================================
*                       Advanced HDL Synthesis                          *
=========================================================================

Analyzing FSM <FSM_0> for best encoding.
Optimizing FSM <grayCnt/FSM> on signal <grayCnt[1:8]> with one-hot encoding.
-------------------
 State | Encoding
-------------------
 000   | 00000001
 001   | 00000010
 011   | 00000100
 010   | 00001000
 110   | 00010000
 111   | 00100000
 101   | 01000000
 100   | 10000000
-------------------

=========================================================================
Advanced HDL Synthesis Report

Macro Statistics
# FSMs                                                 : 1

=========================================================================

=========================================================================
*                         Low Level Synthesis                           *
=========================================================================

Optimizing unit <fifo> ...

Mapping all equations...
Building and optimizing final netlist ...
Found area constraint ratio of 100 (+ 5) on block fifo, actual ratio is 0.

Final Macro Processing ...

=========================================================================
Final Register Report

Macro Statistics
# Registers                                            : 8
 Flip-Flops                                            : 8

=========================================================================

=========================================================================
*                           Partition Report                            *
=========================================================================

Partition Implementation Status
-------------------------------

  No Partitions were found in this design.

-------------------------------

=========================================================================
*                            Final Report                               *
=========================================================================
Final Results
RTL Top Level Output File Name     : fifo.ngr
Top Level Output File Name         : fifo
Output Format                      : NGC
Optimization Goal                  : Speed
Keep Hierarchy                     : No

Design Statistics
# IOs                              : 6

Cell Usage :
# BELS                             : 4
#      INV                         : 1
#      LUT4                        : 3
# FlipFlops/Latches                : 8
#      FDCE                        : 7
#      FDPE                        : 1
# Clock Buffers                    : 1
#      BUFGP                       : 1
# IO Buffers                       : 5
#      IBUF                        : 2
#      OBUF                        : 3
=========================================================================

Device utilization summary:
---------------------------

Selected Device : 3s100ecp132-5 

 Number of Slices:                        4  out of    960     0%  
 Number of Slice Flip Flops:              8  out of   1920     0%  
 Number of 4 input LUTs:                  4  out of   1920     0%  
 Number of IOs:                           6
 Number of bonded IOBs:                   6  out of     83     7%  
 Number of GCLKs:                         1  out of     24     4%  

---------------------------
Partition Resource Summary:
---------------------------

  No Partitions were found in this design.

---------------------------


=========================================================================
TIMING REPORT

NOTE: THESE TIMING NUMBERS ARE ONLY A SYNTHESIS ESTIMATE.
      FOR ACCURATE TIMING INFORMATION PLEASE REFER TO THE TRACE REPORT
      GENERATED AFTER PLACE-and-ROUTE.

Clock Information:
------------------
-----------------------------------+------------------------+-------+
Clock Signal                       | Clock buffer(FF name)  | Load  |
-----------------------------------+------------------------+-------+
clk                                | BUFGP                  | 8     |
-----------------------------------+------------------------+-------+

Asynchronous Control Signals Information:
----------------------------------------
-----------------------------------------------------------+------------------------+-------+
Control Signal                                             | Buffer(FF name)        | Load  |
-----------------------------------------------------------+------------------------+-------+
grayCnt_FSM_Acst_FSM_inv(grayCnt_FSM_Acst_FSM_inv1_INV_0:O)| NONE(grayCnt_FSM_FFd1) | 8     |
-----------------------------------------------------------+------------------------+-------+

Timing Summary:
---------------
Speed Grade: -5

   Minimum period: 1.281ns (Maximum Frequency: 780.671MHz)
   Minimum input arrival time before clock: 2.232ns
   Maximum output required time after clock: 5.255ns
   Maximum combinational path delay: No path found

Timing Detail:
--------------
All values displayed in nanoseconds (ns)

=========================================================================
Timing constraint: Default period analysis for Clock 'clk'
  Clock period: 1.281ns (frequency: 780.671MHz)
  Total number of paths / destination ports: 8 / 8
-------------------------------------------------------------------------
Delay:               1.281ns (Levels of Logic = 0)
  Source:            grayCnt_FSM_FFd3 (FF)
  Destination:       grayCnt_FSM_FFd2 (FF)
  Source Clock:      clk rising
  Destination Clock: clk rising

  Data Path: grayCnt_FSM_FFd3 to grayCnt_FSM_FFd2
                                Gate     Net
    Cell:in->out      fanout   Delay   Delay  Logical Name (Net Name)
    ----------------------------------------  ------------
     FDCE:C->Q             4   0.514   0.499  grayCnt_FSM_FFd3 (grayCnt_FSM_FFd3)
     FDCE:D                    0.268          grayCnt_FSM_FFd2
    ----------------------------------------
    Total                      1.281ns (0.782ns logic, 0.499ns route)
                                       (61.0% logic, 39.0% route)

=========================================================================
Timing constraint: Default OFFSET IN BEFORE for Clock 'clk'
  Total number of paths / destination ports: 8 / 8
-------------------------------------------------------------------------
Offset:              2.232ns (Levels of Logic = 1)
  Source:            incr (PAD)
  Destination:       grayCnt_FSM_FFd8 (FF)
  Destination Clock: clk rising

  Data Path: incr to grayCnt_FSM_FFd8
                                Gate     Net
    Cell:in->out      fanout   Delay   Delay  Logical Name (Net Name)
    ----------------------------------------  ------------
     IBUF:I->O             8   1.106   0.643  incr_IBUF (incr_IBUF)
     FDPE:CE                   0.483          grayCnt_FSM_FFd8
    ----------------------------------------
    Total                      2.232ns (1.589ns logic, 0.643ns route)
                                       (71.2% logic, 28.8% route)

=========================================================================
Timing constraint: Default OFFSET OUT AFTER for Clock 'clk'
  Total number of paths / destination ports: 12 / 3
-------------------------------------------------------------------------
Offset:              5.255ns (Levels of Logic = 2)
  Source:            grayCnt_FSM_FFd2 (FF)
  Destination:       dataOut<2> (PAD)
  Source Clock:      clk rising

  Data Path: grayCnt_FSM_FFd2 to dataOut<2>
                                Gate     Net
    Cell:in->out      fanout   Delay   Delay  Logical Name (Net Name)
    ----------------------------------------  ------------
     FDCE:C->Q             3   0.514   0.603  grayCnt_FSM_FFd2 (grayCnt_FSM_FFd2)
     LUT4:I0->O            1   0.612   0.357  grayCnt_or00021 (dataOut_0_OBUF)
     OBUF:I->O                 3.169          dataOut_0_OBUF (dataOut<0>)
    ----------------------------------------
    Total                      5.255ns (4.295ns logic, 0.960ns route)
                                       (81.7% logic, 18.3% route)

=========================================================================


Total REAL time to Xst completion: 7.00 secs
Total CPU time to Xst completion: 6.80 secs
 
--> 

Total memory usage is 259276 kilobytes

Number of errors   :    0 (   0 filtered)
Number of warnings :    0 (   0 filtered)
Number of infos    :    0 (   0 filtered)

